[23:48:16] [INFO] 配置加载完成
[23:48:16] [INFO] MC token 不存在或已过期，执行 MS 登录...
[23:48:16] [INFO] 正在刷新 MS token...
[23:48:24] [INFO] 登录成功
[23:48:24] [INFO] 服务器地址: towdesite.top:25565
[02:27:13] [INFO] 配置加载完成
[02:27:13] [INFO] 使用缓存的 MC token
[02:27:13] [INFO] MC token过期时间:2026-01-25 23:48:23
[02:27:13] [INFO] 登录成功
[02:27:13] [INFO] 服务器地址: towdesite.top:25565
[02:27:13] [INFO] 正在启动协议栈...
[02:27:13] [INFO] 连接到 towdesite.top:25565 (towdesite.top:25565)...
[02:27:13] [INFO] [HANDSHAKE] Sending handshake to %s:%dtowdesite.top25565
[02:27:14] [INFO] Server Status:{"version":{"name":"Paper 1.21.10","protocol":773},"enforcesSecureChat":true,"description":"A Minecraft Server","players":{"max":20,"online":0}}
[02:28:08] [INFO] 配置加载完成
[02:28:08] [INFO] 使用缓存的 MC token
[02:28:08] [INFO] MC token过期时间:2026-01-25 23:48:23
[02:28:08] [INFO] 登录成功
[02:28:08] [INFO] 服务器地址: towdesite.top:25565
[02:28:08] [INFO] 正在启动协议栈...
[02:28:08] [INFO] 连接到 towdesite.top:25565 (towdesite.top:25565)...
[02:28:08] [INFO] [HANDSHAKE] Sending handshake to %s:%dtowdesite.top25565
[02:28:08] [INFO] Server Status:{"version":{"name":"Paper 1.21.10","protocol":773},"enforcesSecureChat":true,"description":"A Minecraft Server","players":{"max":20,"online":0}}
[02:29:01] [INFO] 配置加载完成
[02:29:01] [INFO] 使用缓存的 MC token
[02:29:01] [INFO] MC token过期时间:2026-01-25 23:48:23
[02:29:01] [INFO] 登录成功
[02:29:01] [INFO] 服务器地址: towdesite.top:25565
[02:29:01] [INFO] 正在启动协议栈...
[02:29:01] [INFO] 连接到 towdesite.top:25565 (towdesite.top:25565)...
[02:29:01] [INFO] [HANDSHAKE] Sending handshake to %s:%dtowdesite.top25565
[02:29:01] [INFO] Server Status:{"version":{"name":"Paper 1.21.10","protocol":773},"enforcesSecureChat":true,"description":"A Minecraft Server","players":{"max":20,"online":0}}
[02:32:27] [INFO] 配置加载完成
[02:32:27] [INFO] 使用缓存的 MC token
[02:32:27] [INFO] MC token过期时间:2026-01-25 23:48:23
[02:32:27] [INFO] 登录成功
[02:32:27] [INFO] 服务器地址: towdesite.top:25565
[02:32:27] [INFO] 正在启动协议栈...
[02:32:27] [INFO] 连接到 towdesite.top:25565 (towdesite.top:25565)...
[02:32:27] [INFO] Registered state: %sHANDSHAKE
[02:32:27] [INFO] Registered state: %sSTATUS
[02:32:27] [INFO] Starting state machine, entering initial state: %sHANDSHAKE
[02:32:27] [INFO] [HANDSHAKE] Sending handshake to %s:%dtowdesite.top25565
[02:32:27] [INFO] Switching: %s → %sHANDSHAKE STATUS
[02:32:27] [INFO] Server Status:{"version":{"name":"Paper 1.21.10","protocol":773},"enforcesSecureChat":true,"description":"A Minecraft Server","players":{"max":20,"online":0}}
[02:32:53] [INFO] 配置加载完成
[02:32:53] [INFO] 使用缓存的 MC token
[02:32:53] [INFO] MC token过期时间:2026-01-25 23:48:23
[02:32:53] [INFO] 登录成功
[02:32:53] [INFO] 服务器地址: towdesite.top:25565
[02:32:53] [INFO] 正在启动协议栈...
[02:32:53] [INFO] 连接到 towdesite.top:25565 (towdesite.top:25565)...
[02:32:53] [INFO] Registered state: %sHANDSHAKE
[02:32:53] [INFO] Registered state: %sSTATUS
[02:32:53] [INFO] Starting state machine, entering initial state: %sHANDSHAKE
[02:32:53] [INFO] [HANDSHAKE] Sending handshake to %s:%dtowdesite.top25565
[02:32:53] [INFO] Switching: %s → %sHANDSHAKE STATUS
[02:32:53] [INFO] Server Status:{"version":{"name":"Paper 1.21.10","protocol":773},"enforcesSecureChat":true,"description":"A Minecraft Server","players":{"max":20,"online":0}}
[02:33:43] [INFO] 配置加载完成
[02:33:43] [INFO] 使用缓存的 MC token
[02:33:43] [INFO] MC token过期时间:2026-01-25 23:48:23
[02:33:43] [INFO] 登录成功
[02:33:43] [INFO] 服务器地址: towdesite.top:25565
[02:33:43] [INFO] 正在启动协议栈...
[02:33:43] [INFO] 连接到 towdesite.top:25565 (towdesite.top:25565)...
[02:33:43] [INFO] Registered state: HANDSHAKE
[02:33:43] [INFO] Registered state: STATUS
[02:33:43] [INFO] Starting state machine, entering initial state: HANDSHAKE
[02:33:43] [INFO] [HANDSHAKE] Sending handshake to %s:%dtowdesite.top25565
[02:33:43] [INFO] Switching: HANDSHAKE → STATUS
[02:33:43] [INFO] Server Status:{"version":{"name":"Paper 1.21.10","protocol":773},"enforcesSecureChat":true,"description":"A Minecraft Server","players":{"max":20,"online":0}}
[02:38:22] [INFO] 配置加载完成
[02:38:23] [INFO] 使用缓存的 MC token
[02:38:23] [INFO] MC token过期时间:2026-01-25 23:48:23
[02:38:23] [INFO] 登录成功
[02:38:23] [INFO] 服务器地址: towdesite.top:25565
[02:38:23] [INFO] 正在启动协议栈...
[02:38:23] [INFO] 连接到 towdesite.top:25565 (towdesite.top:25565)...
[02:38:23] [INFO] Registered state: HANDSHAKE
[02:38:23] [INFO] Registered state: STATUS
[02:38:23] [INFO] Starting state machine, entering initial state: HANDSHAKE
[02:38:23] [INFO] [HANDSHAKE] Sending handshake to towdesite.top:25565
[02:38:23] [INFO] Switching: HANDSHAKE → STATUS
[02:38:23] [INFO] Server Status:%!(EXTRA string={"version":{"name":"Paper 1.21.10","protocol":773},"enforcesSecureChat":true,"description":"A Minecraft Server","players":{"max":20,"online":0}})
[02:41:01] [INFO] 配置加载完成
[02:41:01] [INFO] 使用缓存的 MC token
[02:41:01] [INFO] MC token过期时间:2026-01-25 23:48:23
[02:41:01] [INFO] 登录成功
[02:41:01] [INFO] 服务器地址: towdesite.top:25565
[02:41:01] [INFO] 正在启动协议栈...
[02:41:01] [INFO] 连接到 towdesite.top:25565 (towdesite.top:25565)...
[02:41:01] [INFO] Registered state: HANDSHAKE
[02:41:01] [INFO] Registered state: STATUS
[02:41:01] [INFO] Starting state machine, entering initial state: HANDSHAKE
[02:41:01] [INFO] [HANDSHAKE] Sending handshake to towdesite.top:25565
[02:41:01] [INFO] Switching: HANDSHAKE → STATUS
[02:41:01] [INFO] Server Status:%!(EXTRA string={"version":{"name":"Paper 1.21.10","protocol":773},"enforcesSecureChat":true,"description":"A Minecraft Server","players":{"max":20,"online":0}})
[02:42:15] [INFO] 配置加载完成
[02:42:15] [INFO] 使用缓存的 MC token
[02:42:15] [INFO] MC token过期时间:2026-01-25 23:48:23
[02:42:15] [INFO] 登录成功
[02:42:15] [INFO] 服务器地址: towdesite.top:25565
[02:42:15] [INFO] 正在启动协议栈...
[02:42:15] [INFO] 连接到 towdesite.top:25565...
[02:42:15] [INFO] Registered state: HANDSHAKE
[02:42:15] [INFO] Registered state: STATUS
[02:42:15] [INFO] Starting state machine, entering initial state: HANDSHAKE
[02:42:15] [INFO] [HANDSHAKE] Sending handshake to towdesite.top:25565
[02:42:15] [INFO] Switching: HANDSHAKE → STATUS
[02:42:15] [INFO] Server Status:%!(EXTRA string={"version":{"name":"Paper 1.21.10","protocol":773},"enforcesSecureChat":true,"description":"A Minecraft Server","players":{"max":20,"online":0}})
[02:55:12] [INFO] 配置加载完成
[02:55:12] [INFO] 使用缓存的 MC token
[02:55:12] [INFO] MC token过期时间:2026-01-25 23:48:23
[02:55:12] [INFO] 登录成功
[02:55:12] [INFO] 服务器地址: towdesite.top:25565
[02:55:12] [INFO] 正在启动协议栈...
[02:55:12] [INFO] 连接到 towdesite.top:25565...
[02:55:12] [INFO] Registered state: HANDSHAKE
[02:55:12] [INFO] Registered state: STATUS
[02:55:12] [INFO] Starting state machine, entering initial state: HANDSHAKE
[02:55:12] [INFO] [HANDSHAKE] Sending handshake to towdesite.top:25565
[02:55:12] [INFO] Switching: HANDSHAKE → STATUS
[02:55:12] [INFO] Server Status: {"version":{"name":"Paper 1.21.10","protocol":773},"enforcesSecureChat":true,"description":"A Minecraft Server","players":{"max":20,"online":0}}
[02:55:12] [INFO] Latency: 65 ms
[12:48:53] [INFO] 配置加载完成
[12:48:53] [INFO] 使用缓存的 MC token
[12:48:53] [INFO] MC token过期时间:2026-01-25 23:48:23
[12:48:53] [INFO] 登录成功
[12:48:53] [INFO] 服务器地址: towdesite.top:25565
[12:48:53] [INFO] 正在启动协议栈...
[12:48:53] [INFO] 连接到 towdesite.top:25565...
[12:48:53] [INFO] Registered state: HANDSHAKE
[12:48:53] [INFO] Registered state: STATUS
[12:48:53] [INFO] Starting state machine, entering initial state: HANDSHAKE
[12:48:53] [DEBUG] [HANDSHAKE] Sending handshake to towdesite.top:25565
[12:48:53] [INFO] Switching: HANDSHAKE → STATUS
[12:48:53] [INFO] 服务器状态: {"version":{"name":"Paper 1.21.10","protocol":773},"enforcesSecureChat":true,"description":"A Minecraft Server","players":{"max":20,"online":0}}
[12:48:53] [INFO] 延迟: 76 ms
